<?xml version="1.0" encoding="UTF-8"?>
<coverage generated="1674256567313" clover="3.2.0">
  <project timestamp="1674256567313" name="All files">
    <metrics statements="18" coveredstatements="18" conditionals="10" coveredconditionals="10" methods="3" coveredmethods="3" elements="31" coveredelements="31" complexity="0" loc="18" ncloc="18" packages="1" files="3" classes="3"/>
    <file name="createItem.js" path="/home/leonardo/Área de Trabalho/Trybe/trybe-exercises/fundamentos/secao-07-introducao-a-javascript-es6-e-testes-unitarios/dia-03-matchers-e-coberturas-de-codigo/createItem.js">
      <metrics statements="9" coveredstatements="9" conditionals="6" coveredconditionals="6" methods="1" coveredmethods="1"/>
      <line num="1" count="1" type="stmt"/>
      <line num="2" count="6" type="cond" truecount="2" falsecount="0"/>
      <line num="3" count="2" type="stmt"/>
      <line num="5" count="4" type="cond" truecount="2" falsecount="0"/>
      <line num="6" count="2" type="stmt"/>
      <line num="8" count="2" type="cond" truecount="2" falsecount="0"/>
      <line num="9" count="1" type="stmt"/>
      <line num="11" count="2" type="stmt"/>
      <line num="18" count="1" type="stmt"/>
    </file>
    <file name="printMessage.js" path="/home/leonardo/Área de Trabalho/Trybe/trybe-exercises/fundamentos/secao-07-introducao-a-javascript-es6-e-testes-unitarios/dia-03-matchers-e-coberturas-de-codigo/printMessage.js">
      <metrics statements="5" coveredstatements="5" conditionals="0" coveredconditionals="0" methods="1" coveredmethods="1"/>
      <line num="2" count="1" type="stmt"/>
      <line num="8" count="1" type="stmt"/>
      <line num="9" count="1" type="stmt"/>
      <line num="12" count="1" type="stmt"/>
      <line num="14" count="1" type="stmt"/>
    </file>
    <file name="sum.js" path="/home/leonardo/Área de Trabalho/Trybe/trybe-exercises/fundamentos/secao-07-introducao-a-javascript-es6-e-testes-unitarios/dia-03-matchers-e-coberturas-de-codigo/sum.js">
      <metrics statements="4" coveredstatements="4" conditionals="4" coveredconditionals="4" methods="1" coveredmethods="1"/>
      <line num="2" count="4" type="cond" truecount="4" falsecount="0"/>
      <line num="3" count="2" type="stmt"/>
      <line num="6" count="2" type="stmt"/>
      <line num="9" count="1" type="stmt"/>
    </file>
  </project>
</coverage>
