TN:
SF:createItem.js
FN:1,(anonymous_0)
FNF:1
FNH:1
FNDA:6,(anonymous_0)
DA:1,1
DA:2,6
DA:3,2
DA:5,4
DA:6,2
DA:8,2
DA:9,1
DA:11,2
DA:18,1
LF:9
LH:9
BRDA:2,0,0,2
BRDA:2,0,1,4
BRDA:5,1,0,2
BRDA:5,1,1,2
BRDA:8,2,0,1
BRDA:8,2,1,1
BRF:6
BRH:6
end_of_record
TN:
SF:printMessage.js
FN:8,(anonymous_0)
FNF:1
FNH:1
FNDA:5,(anonymous_0)
DA:2,1
DA:8,1
DA:9,5
DA:10,1
DA:12,4
DA:15,1
DA:17,1
LF:7
LH:7
BRDA:9,0,0,1
BRDA:9,0,1,4
BRDA:9,1,0,5
BRDA:9,1,1,5
BRF:4
BRH:4
end_of_record
TN:
SF:searchEmployee.js
FN:42,(anonymous_0)
FNF:1
FNH:0
FNDA:0,(anonymous_0)
DA:2,1
DA:42,1
DA:46,1
LF:3
LH:3
BRF:0
BRH:0
end_of_record
TN:
SF:sum.js
FN:1,sum
FNF:1
FNH:1
FNDA:4,sum
DA:2,4
DA:3,2
DA:6,2
DA:9,1
LF:4
LH:4
BRDA:2,0,0,2
BRDA:2,0,1,2
BRDA:2,1,0,4
BRDA:2,1,1,4
BRF:4
BRH:4
end_of_record
